<?xml version="1.0" encoding="UTF-8"?>
<!-- Generated by org.testng.reporters.JUnitXMLReporter -->
<testsuite hostname="LAPTOP-V0GIGE6E" ignored="0" name="Default test" tests="3" failures="0" timestamp="2021-05-26T13:52:37 AEST" time="15.702" errors="0">
  <testcase name="ValidateMainScreen" time="4.22" classname="com.xcover.test.CoverGeniusTest"/>
  <testcase name="test_ValidateEmptyQuery" time="3.023" classname="com.xcover.test.CoverGeniusTest"/>
  <testcase name="test_ValidateresultForQuery" time="1.342" classname="com.xcover.test.CoverGeniusTest"/>
</testsuite> <!-- Default test -->
