<?xml version="1.0" encoding="UTF-8"?>
<testng-results skipped="0" failed="0" ignored="0" total="3" passed="3">
  <reporter-output>
  </reporter-output>
  <suite name="Default suite" duration-ms="15702" started-at="2021-05-26T13:52:21 AEST" finished-at="2021-05-26T13:52:37 AEST">
    <groups>
    </groups>
    <test name="Default test" duration-ms="15702" started-at="2021-05-26T13:52:21 AEST" finished-at="2021-05-26T13:52:37 AEST">
      <class name="com.xcover.test.CoverGeniusTest">
        <test-method status="PASS" signature="initialise()[pri:0, instance:com.xcover.test.CoverGeniusTest@2758fe70]" name="initialise" is-config="true" duration-ms="6356" started-at="2021-05-26T13:52:21 AEST" finished-at="2021-05-26T13:52:28 AEST">
          <reporter-output>
          </reporter-output>
        </test-method> <!-- initialise -->
        <test-method status="PASS" signature="ValidateMainScreen()[pri:1, instance:com.xcover.test.CoverGeniusTest@2758fe70]" name="ValidateMainScreen" duration-ms="4220" started-at="2021-05-26T13:52:28 AEST" finished-at="2021-05-26T13:52:32 AEST">
          <reporter-output>
          </reporter-output>
        </test-method> <!-- ValidateMainScreen -->
        <test-method status="PASS" signature="test_ValidateEmptyQuery()[pri:2, instance:com.xcover.test.CoverGeniusTest@2758fe70]" name="test_ValidateEmptyQuery" duration-ms="3023" started-at="2021-05-26T13:52:32 AEST" finished-at="2021-05-26T13:52:35 AEST">
          <reporter-output>
          </reporter-output>
        </test-method> <!-- test_ValidateEmptyQuery -->
        <test-method status="PASS" signature="test_ValidateresultForQuery()[pri:3, instance:com.xcover.test.CoverGeniusTest@2758fe70]" name="test_ValidateresultForQuery" duration-ms="1342" started-at="2021-05-26T13:52:35 AEST" finished-at="2021-05-26T13:52:36 AEST">
          <reporter-output>
          </reporter-output>
        </test-method> <!-- test_ValidateresultForQuery -->
        <test-method status="PASS" signature="teardown()[pri:0, instance:com.xcover.test.CoverGeniusTest@2758fe70]" name="teardown" is-config="true" duration-ms="705" started-at="2021-05-26T13:52:36 AEST" finished-at="2021-05-26T13:52:37 AEST">
          <reporter-output>
          </reporter-output>
        </test-method> <!-- teardown -->
      </class> <!-- com.xcover.test.CoverGeniusTest -->
    </test> <!-- Default test -->
  </suite> <!-- Default suite -->
</testng-results>
